生成启动时间为 2017/2/24 20:33:28。
     1>项目“E:\project\OneTool\OneTool\OneTool.vcxproj”在节点 2 上(Build 个目标)。
     1>CustomBuild:
         Moc'ing onetool.h...
         Moc'ing mylabel.h...
       ClCompile:
         D:\program\vs2013\program file\VC\bin\CL.exe /c /I.\GeneratedFiles /I. /ID:\program\QT\QT5.3.2\programfile\5.3\msvc2013\include /I.\GeneratedFiles\Debug /ID:\program\QT\QT5.3.2\programfile\5.3\msvc2013\include\QtCore /ID:\program\QT\QT5.3.2\programfile\5.3\msvc2013\include\QtGui /ID:\program\QT\QT5.3.2\programfile\5.3\msvc2013\include\QtWidgets /Zi /nologo /W1 /WX- /Od /Oy- /D UNICODE /D WIN32 /D WIN64 /D QT_DLL /D QT_CORE_LIB /D QT_GUI_LIB /D QT_WIDGETS_LIB /D _CRT_SECURE_NO_WARNINGS /Gm- /EHsc /MDd /GS /fp:precise /Zc:wchar_t /Zc:forScope /Fo"Debug\\" /Fd"Debug\vc120.pdb" /Gd /TP /analyze- /errorReport:prompt GeneratedFiles\Debug\moc_mylabel.cpp GeneratedFiles\Debug\moc_onetool.cpp main.cpp mylabel.cpp onetool.cpp
         moc_mylabel.cpp
         moc_onetool.cpp
         main.cpp
         mylabel.cpp
         onetool.cpp
         正在生成代码...
       Link:
         D:\program\vs2013\program file\VC\bin\link.exe /ERRORREPORT:PROMPT /OUT:"E:\project\OneTool\Win32\Debug\\OneTool.exe" /NOLOGO /LIBPATH:D:\program\QT\QT5.3.2\programfile\5.3\msvc2013\lib qtmaind.lib Qt5Cored.lib Qt5Guid.lib Qt5Widgetsd.lib opencv_calib3d2410d.lib opencv_contrib2410d.lib opencv_core2410d.lib opencv_features2d2410d.lib opencv_flann2410d.lib opencv_gpu2410d.lib opencv_highgui2410d.lib opencv_imgproc2410d.lib opencv_legacy2410d.lib opencv_ml2410d.lib opencv_nonfree2410d.lib opencv_objdetect2410d.lib opencv_photo2410d.lib opencv_stitching2410d.lib opencv_ts2410d.lib opencv_video2410d.lib opencv_videostab2410d.lib opencv_calib3d2410.lib opencv_contrib2410.lib opencv_core2410.lib opencv_features2d2410.lib opencv_flann2410.lib opencv_gpu2410.lib opencv_highgui2410.lib opencv_imgproc2410.lib opencv_legacy2410.lib opencv_ml2410.lib opencv_nonfree2410.lib opencv_objdetect2410.lib opencv_photo2410.lib opencv_stitching2410.lib opencv_ts2410.lib opencv_video2410.lib opencv_videostab2410.lib kernel32.lib user32.lib gdi32.lib winspool.lib comdlg32.lib advapi32.lib shell32.lib ole32.lib oleaut32.lib uuid.lib odbc32.lib odbccp32.lib kernel32.lib user32.lib gdi32.lib winspool.lib comdlg32.lib advapi32.lib shell32.lib ole32.lib oleaut32.lib uuid.lib odbc32.lib odbccp32.lib /MANIFEST /MANIFESTUAC:"level='asInvoker' uiAccess='false'" /manifest:embed /DEBUG /PDB:"E:\project\OneTool\Win32\Debug\OneTool.pdb" /SUBSYSTEM:WINDOWS /TLBID:1 /DYNAMICBASE /NXCOMPAT /IMPLIB:"E:\project\OneTool\Win32\Debug\OneTool.lib" /MACHINE:X86 /SAFESEH Debug\moc_mylabel.obj
         Debug\moc_onetool.obj
         Debug\qrc_onetool.obj
         Debug\main.obj
         Debug\mylabel.obj
         Debug\onetool.obj
         OneTool.vcxproj -> E:\project\OneTool\Win32\Debug\OneTool.exe
     1>已完成生成项目“E:\project\OneTool\OneTool\OneTool.vcxproj”(Build 个目标)的操作。

生成成功。

已用时间 00:00:06.07
